<?xml version="1.0" encoding="UTF-8"?>
<!-- Generated by org.testng.reporters.JUnitReportReporter -->
<testsuite hostname="Dell-G7" failures="0" tests="1" name="definitions.CucumberRunnerTests" time="7.431" errors="1" timestamp="2024-08-19T14:24:11 IST" skipped="0">
  <testcase classname="definitions.CucumberRunnerTests" name="runScenario" time="7.431">
    <error message="TODO: implement me" type="io.cucumber.java.PendingException">
      <![CDATA[io.cucumber.java.PendingException: TODO: implement me
at definitions.Book_flight.i_select_the_date_of_travel(Book_flight.java:58)
at âœ½.I select the date of travel(file:///C:/Users/aakas/git/MMT_selenium/MMT/src/test/resources/feature/flight.feature:28)
]]>
    </error>
  </testcase> <!-- runScenario -->
</testsuite> <!-- definitions.CucumberRunnerTests -->
